2018-07-31 17:37:32,594 CRIT Supervisor running as root (no user in config file)
2018-07-31 17:37:32,594 WARN Included extra file "/etc/supervisor/conf.d/supervisord.conf" during parsing
2018-07-31 17:37:32,614 INFO RPC interface 'supervisor' initialized
2018-07-31 17:37:32,614 CRIT Server 'unix_http_server' running without any HTTP authentication checking
2018-07-31 17:37:32,614 INFO supervisord started with pid 1
2018-07-31 17:37:33,619 INFO spawned: 'varnishd' with pid 13
2018-07-31 17:37:33,623 INFO spawned: 'php-fpm' with pid 14
2018-07-31 17:37:33,635 INFO spawned: 'varnish-plugins-watcher' with pid 15
2018-07-31 17:37:33,652 INFO spawned: 'nginx' with pid 16
2018-07-31 17:37:33,655 INFO spawned: 'MailHog' with pid 17
2018-07-31 17:37:33,683 INFO spawned: 'mysql' with pid 21
2018-07-31 17:37:33,693 INFO spawned: 'varnish-themes-watcher' with pid 22
2018-07-31 17:37:34,688 INFO success: varnishd entered RUNNING state, process has stayed up for > than 1 seconds (startsecs)
2018-07-31 17:37:34,693 INFO success: php-fpm entered RUNNING state, process has stayed up for > than 1 seconds (startsecs)
2018-07-31 17:37:34,694 INFO success: varnish-plugins-watcher entered RUNNING state, process has stayed up for > than 1 seconds (startsecs)
2018-07-31 17:37:34,694 INFO success: nginx entered RUNNING state, process has stayed up for > than 1 seconds (startsecs)
2018-07-31 17:37:34,694 INFO success: MailHog entered RUNNING state, process has stayed up for > than 1 seconds (startsecs)
2018-07-31 17:37:34,694 INFO success: mysql entered RUNNING state, process has stayed up for > than 1 seconds (startsecs)
2018-07-31 17:37:34,694 INFO success: varnish-themes-watcher entered RUNNING state, process has stayed up for > than 1 seconds (startsecs)
2018-08-08 11:01:45,407 CRIT Supervisor running as root (no user in config file)
2018-08-08 11:01:45,407 WARN Included extra file "/etc/supervisor/conf.d/supervisord.conf" during parsing
2018-08-08 11:01:45,747 INFO RPC interface 'supervisor' initialized
2018-08-08 11:01:45,749 CRIT Server 'unix_http_server' running without any HTTP authentication checking
2018-08-08 11:01:45,750 INFO supervisord started with pid 1
2018-08-08 11:01:46,755 INFO spawned: 'varnishd' with pid 7
2018-08-08 11:01:46,762 INFO spawned: 'php-fpm' with pid 8
2018-08-08 11:01:46,764 INFO spawned: 'varnish-plugins-watcher' with pid 9
2018-08-08 11:01:46,767 INFO spawned: 'nginx' with pid 10
2018-08-08 11:01:46,774 INFO spawned: 'MailHog' with pid 11
2018-08-08 11:01:46,791 INFO spawned: 'mysql' with pid 12
2018-08-08 11:01:46,799 INFO spawned: 'varnish-themes-watcher' with pid 13
2018-08-08 11:01:47,850 INFO success: varnishd entered RUNNING state, process has stayed up for > than 1 seconds (startsecs)
2018-08-08 11:01:47,851 INFO success: php-fpm entered RUNNING state, process has stayed up for > than 1 seconds (startsecs)
2018-08-08 11:01:47,851 INFO success: varnish-plugins-watcher entered RUNNING state, process has stayed up for > than 1 seconds (startsecs)
2018-08-08 11:01:47,851 INFO success: nginx entered RUNNING state, process has stayed up for > than 1 seconds (startsecs)
2018-08-08 11:01:47,851 INFO success: MailHog entered RUNNING state, process has stayed up for > than 1 seconds (startsecs)
2018-08-08 11:01:47,851 INFO success: mysql entered RUNNING state, process has stayed up for > than 1 seconds (startsecs)
2018-08-08 11:01:47,851 INFO success: varnish-themes-watcher entered RUNNING state, process has stayed up for > than 1 seconds (startsecs)
2018-08-09 08:33:54,153 CRIT Supervisor running as root (no user in config file)
2018-08-09 08:33:54,153 WARN Included extra file "/etc/supervisor/conf.d/supervisord.conf" during parsing
2018-08-09 08:33:54,493 INFO RPC interface 'supervisor' initialized
2018-08-09 08:33:54,493 CRIT Server 'unix_http_server' running without any HTTP authentication checking
2018-08-09 08:33:54,493 INFO supervisord started with pid 1
2018-08-09 08:33:55,498 INFO spawned: 'varnishd' with pid 7
2018-08-09 08:33:55,503 INFO spawned: 'php-fpm' with pid 8
2018-08-09 08:33:55,505 INFO spawned: 'varnish-plugins-watcher' with pid 9
2018-08-09 08:33:55,508 INFO spawned: 'nginx' with pid 10
2018-08-09 08:33:55,512 INFO spawned: 'MailHog' with pid 11
2018-08-09 08:33:55,524 INFO spawned: 'mysql' with pid 12
2018-08-09 08:33:55,539 INFO spawned: 'varnish-themes-watcher' with pid 13
2018-08-09 08:33:56,566 INFO success: varnishd entered RUNNING state, process has stayed up for > than 1 seconds (startsecs)
2018-08-09 08:33:56,567 INFO success: php-fpm entered RUNNING state, process has stayed up for > than 1 seconds (startsecs)
2018-08-09 08:33:56,567 INFO success: varnish-plugins-watcher entered RUNNING state, process has stayed up for > than 1 seconds (startsecs)
2018-08-09 08:33:56,567 INFO success: nginx entered RUNNING state, process has stayed up for > than 1 seconds (startsecs)
2018-08-09 08:33:56,567 INFO success: MailHog entered RUNNING state, process has stayed up for > than 1 seconds (startsecs)
2018-08-09 08:33:56,567 INFO success: mysql entered RUNNING state, process has stayed up for > than 1 seconds (startsecs)
2018-08-09 08:33:56,567 INFO success: varnish-themes-watcher entered RUNNING state, process has stayed up for > than 1 seconds (startsecs)
2018-08-09 19:38:43,941 CRIT Supervisor running as root (no user in config file)
2018-08-09 19:38:43,942 WARN Included extra file "/etc/supervisor/conf.d/supervisord.conf" during parsing
2018-08-09 19:38:44,278 INFO RPC interface 'supervisor' initialized
2018-08-09 19:38:44,278 CRIT Server 'unix_http_server' running without any HTTP authentication checking
2018-08-09 19:38:44,280 INFO supervisord started with pid 1
2018-08-09 19:38:45,285 INFO spawned: 'varnishd' with pid 7
2018-08-09 19:38:45,291 INFO spawned: 'php-fpm' with pid 8
2018-08-09 19:38:45,293 INFO spawned: 'varnish-plugins-watcher' with pid 9
2018-08-09 19:38:45,297 INFO spawned: 'nginx' with pid 10
2018-08-09 19:38:45,303 INFO spawned: 'MailHog' with pid 11
2018-08-09 19:38:45,321 INFO spawned: 'mysql' with pid 12
2018-08-09 19:38:45,325 INFO spawned: 'varnish-themes-watcher' with pid 13
2018-08-09 19:38:46,328 INFO success: varnishd entered RUNNING state, process has stayed up for > than 1 seconds (startsecs)
2018-08-09 19:38:46,328 INFO success: php-fpm entered RUNNING state, process has stayed up for > than 1 seconds (startsecs)
2018-08-09 19:38:46,328 INFO success: varnish-plugins-watcher entered RUNNING state, process has stayed up for > than 1 seconds (startsecs)
2018-08-09 19:38:46,328 INFO success: nginx entered RUNNING state, process has stayed up for > than 1 seconds (startsecs)
2018-08-09 19:38:46,328 INFO success: MailHog entered RUNNING state, process has stayed up for > than 1 seconds (startsecs)
2018-08-09 19:38:46,329 INFO success: mysql entered RUNNING state, process has stayed up for > than 1 seconds (startsecs)
2018-08-09 19:38:46,329 INFO success: varnish-themes-watcher entered RUNNING state, process has stayed up for > than 1 seconds (startsecs)
2018-08-09 20:32:25,180 WARN received SIGTERM indicating exit request
2018-08-09 20:32:25,180 INFO waiting for varnishd, php-fpm, varnish-plugins-watcher, nginx, MailHog, mysql, varnish-themes-watcher to die
2018-08-09 20:32:26,183 INFO stopped: varnish-themes-watcher (terminated by SIGTERM)
2018-08-09 20:32:26,188 INFO stopped: mysql (exit status 0)
2018-08-09 20:32:26,189 INFO stopped: MailHog (terminated by SIGTERM)
2018-08-09 20:32:26,191 INFO stopped: nginx (exit status 0)
2018-08-09 20:32:26,192 INFO stopped: varnish-plugins-watcher (terminated by SIGTERM)
2018-08-09 20:32:26,202 INFO stopped: php-fpm (exit status 0)
2018-08-09 20:32:27,355 INFO stopped: varnishd (exit status 0)
2018-08-09 20:40:45,343 CRIT Supervisor running as root (no user in config file)
2018-08-09 20:40:45,344 WARN Included extra file "/etc/supervisor/conf.d/supervisord.conf" during parsing
2018-08-09 20:40:45,381 INFO RPC interface 'supervisor' initialized
2018-08-09 20:40:45,381 CRIT Server 'unix_http_server' running without any HTTP authentication checking
2018-08-09 20:40:45,381 INFO supervisord started with pid 1
2018-08-09 20:40:46,385 INFO spawned: 'varnishd' with pid 25
2018-08-09 20:40:46,389 INFO spawned: 'php-fpm' with pid 26
2018-08-09 20:40:46,391 INFO spawned: 'varnish-plugins-watcher' with pid 27
2018-08-09 20:40:46,395 INFO spawned: 'nginx' with pid 28
2018-08-09 20:40:46,403 INFO spawned: 'MailHog' with pid 29
2018-08-09 20:40:46,411 INFO spawned: 'mysql' with pid 30
2018-08-09 20:40:46,441 INFO spawned: 'varnish-themes-watcher' with pid 31
2018-08-09 20:40:47,480 INFO success: varnishd entered RUNNING state, process has stayed up for > than 1 seconds (startsecs)
2018-08-09 20:40:47,481 INFO success: php-fpm entered RUNNING state, process has stayed up for > than 1 seconds (startsecs)
2018-08-09 20:40:47,481 INFO success: varnish-plugins-watcher entered RUNNING state, process has stayed up for > than 1 seconds (startsecs)
2018-08-09 20:40:47,481 INFO success: nginx entered RUNNING state, process has stayed up for > than 1 seconds (startsecs)
2018-08-09 20:40:47,481 INFO success: MailHog entered RUNNING state, process has stayed up for > than 1 seconds (startsecs)
2018-08-09 20:40:47,481 INFO success: mysql entered RUNNING state, process has stayed up for > than 1 seconds (startsecs)
2018-08-09 20:40:47,481 INFO success: varnish-themes-watcher entered RUNNING state, process has stayed up for > than 1 seconds (startsecs)
2018-08-10 12:16:16,127 WARN received SIGTERM indicating exit request
2018-08-10 12:16:16,127 INFO waiting for varnishd, php-fpm, varnish-plugins-watcher, nginx, MailHog, mysql, varnish-themes-watcher to die
2018-08-10 12:16:16,622 INFO stopped: varnish-themes-watcher (terminated by SIGTERM)
2018-08-10 12:16:16,629 INFO stopped: mysql (exit status 0)
2018-08-10 12:16:16,630 INFO stopped: MailHog (terminated by SIGTERM)
2018-08-10 12:16:16,633 INFO stopped: nginx (exit status 0)
2018-08-10 12:16:17,636 INFO stopped: varnish-plugins-watcher (terminated by SIGTERM)
2018-08-10 12:16:17,650 INFO stopped: php-fpm (exit status 0)
2018-08-10 12:16:18,419 CRIT reaped unknown pid 39)
2018-08-10 12:16:18,771 INFO stopped: varnishd (exit status 0)
2018-08-12 08:46:39,297 CRIT Supervisor running as root (no user in config file)
2018-08-12 08:46:39,298 WARN Included extra file "/etc/supervisor/conf.d/supervisord.conf" during parsing
2018-08-12 08:46:39,340 INFO RPC interface 'supervisor' initialized
2018-08-12 08:46:39,340 CRIT Server 'unix_http_server' running without any HTTP authentication checking
2018-08-12 08:46:39,341 INFO supervisord started with pid 1
2018-08-12 08:46:40,346 INFO spawned: 'varnishd' with pid 24
2018-08-12 08:46:40,350 INFO spawned: 'php-fpm' with pid 25
2018-08-12 08:46:40,353 INFO spawned: 'varnish-plugins-watcher' with pid 26
2018-08-12 08:46:40,357 INFO spawned: 'nginx' with pid 27
2018-08-12 08:46:40,367 INFO spawned: 'MailHog' with pid 28
2018-08-12 08:46:40,376 INFO spawned: 'mysql' with pid 29
2018-08-12 08:46:40,393 INFO spawned: 'varnish-themes-watcher' with pid 30
2018-08-12 08:46:41,523 INFO success: varnishd entered RUNNING state, process has stayed up for > than 1 seconds (startsecs)
2018-08-12 08:46:41,523 INFO success: php-fpm entered RUNNING state, process has stayed up for > than 1 seconds (startsecs)
2018-08-12 08:46:41,523 INFO success: varnish-plugins-watcher entered RUNNING state, process has stayed up for > than 1 seconds (startsecs)
2018-08-12 08:46:41,524 INFO success: nginx entered RUNNING state, process has stayed up for > than 1 seconds (startsecs)
2018-08-12 08:46:41,524 INFO success: MailHog entered RUNNING state, process has stayed up for > than 1 seconds (startsecs)
2018-08-12 08:46:41,524 INFO success: mysql entered RUNNING state, process has stayed up for > than 1 seconds (startsecs)
2018-08-12 08:46:41,524 INFO success: varnish-themes-watcher entered RUNNING state, process has stayed up for > than 1 seconds (startsecs)
2018-08-18 08:10:43,377 CRIT Supervisor running as root (no user in config file)
2018-08-18 08:10:43,377 WARN Included extra file "/etc/supervisor/conf.d/supervisord.conf" during parsing
2018-08-18 08:10:43,716 INFO RPC interface 'supervisor' initialized
2018-08-18 08:10:43,718 CRIT Server 'unix_http_server' running without any HTTP authentication checking
2018-08-18 08:10:43,719 INFO supervisord started with pid 1
2018-08-18 08:10:44,723 INFO spawned: 'varnishd' with pid 7
2018-08-18 08:10:44,729 INFO spawned: 'php-fpm' with pid 8
2018-08-18 08:10:44,731 INFO spawned: 'varnish-plugins-watcher' with pid 9
2018-08-18 08:10:44,734 INFO spawned: 'nginx' with pid 10
2018-08-18 08:10:44,738 INFO spawned: 'MailHog' with pid 11
2018-08-18 08:10:44,747 INFO spawned: 'mysql' with pid 12
2018-08-18 08:10:44,765 INFO spawned: 'varnish-themes-watcher' with pid 13
2018-08-18 08:10:45,764 INFO success: varnishd entered RUNNING state, process has stayed up for > than 1 seconds (startsecs)
2018-08-18 08:10:45,764 INFO success: php-fpm entered RUNNING state, process has stayed up for > than 1 seconds (startsecs)
2018-08-18 08:10:45,764 INFO success: varnish-plugins-watcher entered RUNNING state, process has stayed up for > than 1 seconds (startsecs)
2018-08-18 08:10:45,764 INFO success: nginx entered RUNNING state, process has stayed up for > than 1 seconds (startsecs)
2018-08-18 08:10:45,764 INFO success: MailHog entered RUNNING state, process has stayed up for > than 1 seconds (startsecs)
2018-08-18 08:10:45,764 INFO success: mysql entered RUNNING state, process has stayed up for > than 1 seconds (startsecs)
2018-08-18 08:10:45,764 INFO success: varnish-themes-watcher entered RUNNING state, process has stayed up for > than 1 seconds (startsecs)
2018-08-21 09:56:01,316 WARN received SIGTERM indicating exit request
2018-08-21 09:56:01,317 INFO waiting for varnishd, php-fpm, varnish-plugins-watcher, nginx, MailHog, mysql, varnish-themes-watcher to die
2018-08-21 09:56:02,319 INFO stopped: varnish-themes-watcher (terminated by SIGTERM)
2018-08-21 09:56:02,326 INFO stopped: mysql (exit status 0)
2018-08-21 09:56:02,327 INFO stopped: MailHog (terminated by SIGTERM)
2018-08-21 09:56:02,329 INFO stopped: nginx (exit status 0)
2018-08-21 09:56:03,331 INFO stopped: varnish-plugins-watcher (terminated by SIGTERM)
2018-08-21 09:56:03,345 INFO stopped: php-fpm (exit status 0)
2018-08-21 09:56:04,207 CRIT reaped unknown pid 19)
2018-08-21 09:56:04,354 INFO waiting for varnishd to die
2018-08-21 09:56:04,485 INFO stopped: varnishd (exit status 0)
2018-08-21 09:56:13,788 CRIT Supervisor running as root (no user in config file)
2018-08-21 09:56:13,788 WARN Included extra file "/etc/supervisor/conf.d/supervisord.conf" during parsing
2018-08-21 09:56:13,860 INFO RPC interface 'supervisor' initialized
2018-08-21 09:56:13,864 CRIT Server 'unix_http_server' running without any HTTP authentication checking
2018-08-21 09:56:13,864 INFO supervisord started with pid 1
2018-08-21 09:56:14,868 INFO spawned: 'varnishd' with pid 29
2018-08-21 09:56:14,870 INFO spawned: 'php-fpm' with pid 30
2018-08-21 09:56:14,873 INFO spawned: 'varnish-plugins-watcher' with pid 31
2018-08-21 09:56:14,885 INFO spawned: 'nginx' with pid 32
2018-08-21 09:56:14,895 INFO spawned: 'MailHog' with pid 33
2018-08-21 09:56:14,909 INFO spawned: 'mysql' with pid 36
2018-08-21 09:56:14,928 INFO spawned: 'varnish-themes-watcher' with pid 37
2018-08-21 09:56:16,808 INFO success: varnishd entered RUNNING state, process has stayed up for > than 1 seconds (startsecs)
2018-08-21 09:56:16,808 INFO success: php-fpm entered RUNNING state, process has stayed up for > than 1 seconds (startsecs)
2018-08-21 09:56:16,809 INFO success: varnish-plugins-watcher entered RUNNING state, process has stayed up for > than 1 seconds (startsecs)
2018-08-21 09:56:16,809 INFO success: nginx entered RUNNING state, process has stayed up for > than 1 seconds (startsecs)
2018-08-21 09:56:16,809 INFO success: MailHog entered RUNNING state, process has stayed up for > than 1 seconds (startsecs)
2018-08-21 09:56:16,809 INFO success: mysql entered RUNNING state, process has stayed up for > than 1 seconds (startsecs)
2018-08-21 09:56:16,809 INFO success: varnish-themes-watcher entered RUNNING state, process has stayed up for > than 1 seconds (startsecs)
