[31-Jul-2018 17:37:33] NOTICE: fpm is running, pid 14
[31-Jul-2018 17:37:33] NOTICE: ready to handle connections
[08-Aug-2018 11:01:47] NOTICE: fpm is running, pid 8
[08-Aug-2018 11:01:47] NOTICE: ready to handle connections
[09-Aug-2018 08:33:55] NOTICE: fpm is running, pid 8
[09-Aug-2018 08:33:55] NOTICE: ready to handle connections
[09-Aug-2018 19:38:45] NOTICE: fpm is running, pid 8
[09-Aug-2018 19:38:45] NOTICE: ready to handle connections
[09-Aug-2018 20:32:26] NOTICE: Terminating ...
[09-Aug-2018 20:32:26] NOTICE: exiting, bye-bye!
[09-Aug-2018 20:40:46] NOTICE: fpm is running, pid 26
[09-Aug-2018 20:40:46] NOTICE: ready to handle connections
[10-Aug-2018 12:16:17] NOTICE: Terminating ...
[10-Aug-2018 12:16:17] NOTICE: exiting, bye-bye!
[12-Aug-2018 08:46:40] NOTICE: fpm is running, pid 25
[12-Aug-2018 08:46:40] NOTICE: ready to handle connections
[18-Aug-2018 08:10:45] NOTICE: fpm is running, pid 8
[18-Aug-2018 08:10:45] NOTICE: ready to handle connections
[21-Aug-2018 09:56:03] NOTICE: Terminating ...
[21-Aug-2018 09:56:03] NOTICE: exiting, bye-bye!
[21-Aug-2018 09:56:15] NOTICE: fpm is running, pid 30
[21-Aug-2018 09:56:15] NOTICE: ready to handle connections
[23-Aug-2018 12:17:22] NOTICE: fpm is running, pid 8
[23-Aug-2018 12:17:22] NOTICE: ready to handle connections
[25-Aug-2018 10:33:01] NOTICE: fpm is running, pid 8
[25-Aug-2018 10:33:01] NOTICE: ready to handle connections
[06-Sep-2018 09:41:46] NOTICE: fpm is running, pid 8
[06-Sep-2018 09:41:46] NOTICE: ready to handle connections
[10-Sep-2018 10:46:18] NOTICE: fpm is running, pid 8
[10-Sep-2018 10:46:18] NOTICE: ready to handle connections
[12-Sep-2018 18:01:15] NOTICE: fpm is running, pid 8
[12-Sep-2018 18:01:15] NOTICE: ready to handle connections
[14-Sep-2018 12:50:28] NOTICE: fpm is running, pid 8
[14-Sep-2018 12:50:28] NOTICE: ready to handle connections
